This is pdfTeX, Version 3.141592653-2.6-1.40.26 (TeX Live 2024) (preloaded format=pdflatex 2024.4.29)  27 JUN 2024 19:29
entering extended mode
 restricted \write18 enabled.
 file:line:error style messages enabled.
 %&-line parsing enabled.
**"c:/Users/Dublin/Box/Minot Group Documents/Dublin/Documents/Dissertation/thesis.tex"
(c:/Users/Dublin/Box/Minot Group Documents/Dublin/Documents/Dissertation/thesis.tex
LaTeX2e <2023-11-01> patch level 1
L3 programming layer <2024-03-14>
(./beavtex.cls
Document Class: beavtex 2013/12/05 v1.1 BeavTeX: OSU thesis class
(c:/texlive/2024/texmf-dist/tex/latex/setspace/setspace.sty
Package: setspace 2022/12/04 v6.7b set line spacing
) (c:/texlive/2024/texmf-dist/tex/latex/base/ifthen.sty
Package: ifthen 2022/04/13 v1.1d Standard LaTeX ifthen package (DPC)
) (c:/texlive/2024/texmf-dist/tex/generic/ulem/ulem.sty
\UL@box=\box51
\UL@hyphenbox=\box52
\UL@skip=\skip48
\UL@hook=\toks17
\UL@height=\dimen140
\UL@pe=\count188
\UL@pixel=\dimen141
\ULC@box=\box53
Package: ulem 2019/11/18
\ULdepth=\dimen142
) (c:/texlive/2024/texmf-dist/tex/latex/base/book.cls
Document Class: book 2023/05/17 v1.4n Standard LaTeX document class
(c:/texlive/2024/texmf-dist/tex/latex/base/bk12.clo
File: bk12.clo 2023/05/17 v1.4n Standard LaTeX file (size option)
)
\c@part=\count189
\c@chapter=\count190
\c@section=\count191
\c@subsection=\count192
\c@subsubsection=\count193
\c@paragraph=\count194
\c@subparagraph=\count195
\c@figure=\count196
\c@table=\count197
\abovecaptionskip=\skip49
\belowcaptionskip=\skip50
\bibindent=\dimen143
)) (c:/texlive/2024/texmf-dist/tex/latex/graphics/graphicx.sty
Package: graphicx 2021/09/16 v1.2d Enhanced LaTeX Graphics (DPC,SPQR)
 (c:/texlive/2024/texmf-dist/tex/latex/graphics/keyval.sty
Package: keyval 2022/05/29 v1.15 key=value parser (DPC)
\KV@toks@=\toks18
) (c:/texlive/2024/texmf-dist/tex/latex/graphics/graphics.sty
Package: graphics 2022/03/10 v1.4e Standard LaTeX Graphics (DPC,SPQR)
 (c:/texlive/2024/texmf-dist/tex/latex/graphics/trig.sty
Package: trig 2021/08/11 v1.11 sin cos tan (DPC)
) (c:/texlive/2024/texmf-dist/tex/latex/graphics-cfg/graphics.cfg
File: graphics.cfg 2016/06/04 v1.11 sample graphics configuration
)
Package graphics Info: Driver file: pdftex.def on input line 107.
 (c:/texlive/2024/texmf-dist/tex/latex/graphics-def/pdftex.def
File: pdftex.def 2024/04/13 v1.2c Graphics/color driver for pdftex
))
\Gin@req@height=\dimen144
\Gin@req@width=\dimen145
) (c:/texlive/2024/texmf-dist/tex/latex/graphics/rotating.sty
Package: rotating 2016/08/11 v2.16d rotated objects in LaTeX
\c@r@tfl@t=\count198
\rotFPtop=\skip51
\rotFPbot=\skip52
\rot@float@box=\box54
\rot@mess@toks=\toks19
) (c:/texlive/2024/texmf-dist/tex/latex/tablefootnote/tablefootnote.sty
Package: tablefootnote 2014/01/26 v1.1c Table foot notes (HMM)
 (c:/texlive/2024/texmf-dist/tex/generic/ltxcmds/ltxcmds.sty
Package: ltxcmds 2023-12-04 v1.26 LaTeX kernel commands for general use (HO)
) (c:/texlive/2024/texmf-dist/tex/latex/letltxmacro/letltxmacro.sty
Package: letltxmacro 2019/12/03 v1.6 Let assignment for LaTeX macros (HO)
) (c:/texlive/2024/texmf-dist/tex/latex/xifthen/xifthen.sty
Package: xifthen 2015/11/05 v1.4.0 Extended ifthen features
 (c:/texlive/2024/texmf-dist/tex/latex/tools/calc.sty
Package: calc 2023/07/08 v4.3 Infix arithmetic (KKT,FJ)
\calc@Acount=\count199
\calc@Bcount=\count266
\calc@Adimen=\dimen146
\calc@Bdimen=\dimen147
\calc@Askip=\skip53
\calc@Bskip=\skip54
LaTeX Info: Redefining \setlength on input line 80.
LaTeX Info: Redefining \addtolength on input line 81.
\calc@Ccount=\count267
\calc@Cskip=\skip55
) (c:/texlive/2024/texmf-dist/tex/latex/ifmtarg/ifmtarg.sty
Package: ifmtarg 2018/04/16 v1.2b check for an empty argument
)) (c:/texlive/2024/texmf-dist/tex/latex/etoolbox/etoolbox.sty
Package: etoolbox 2020/10/05 v2.5k e-TeX tools for LaTeX (JAW)
\etb@tempcnta=\count268
)) (c:/texlive/2024/texmf-dist/tex/latex/siunitx/siunitx.sty
Package: siunitx 2024-04-24 v3.3.16 A comprehensive (SI) units package
\l__siunitx_number_uncert_offset_int=\count269
\l__siunitx_number_exponent_fixed_int=\count270
\l__siunitx_number_min_decimal_int=\count271
\l__siunitx_number_min_integer_int=\count272
\l__siunitx_number_round_precision_int=\count273
\l__siunitx_number_lower_threshold_int=\count274
\l__siunitx_number_upper_threshold_int=\count275
\l__siunitx_number_group_first_int=\count276
\l__siunitx_number_group_size_int=\count277
\l__siunitx_number_group_minimum_int=\count278
\l__siunitx_angle_tmp_dim=\dimen148
\l__siunitx_angle_marker_box=\box55
\l__siunitx_angle_unit_box=\box56
\l__siunitx_compound_count_int=\count279
 (c:/texlive/2024/texmf-dist/tex/latex/translations/translations.sty
Package: translations 2022/02/05 v1.12 internationalization of LaTeX2e packages (CN)
 (c:/texlive/2024/texmf-dist/tex/generic/pdftexcmds/pdftexcmds.sty
Package: pdftexcmds 2020-06-27 v0.33 Utility functions of pdfTeX for LuaTeX (HO)
 (c:/texlive/2024/texmf-dist/tex/generic/infwarerr/infwarerr.sty
Package: infwarerr 2019/12/03 v1.5 Providing info/warning/error messages (HO)
) (c:/texlive/2024/texmf-dist/tex/generic/iftex/iftex.sty
Package: iftex 2022/02/03 v1.0f TeX engine tests
)
Package pdftexcmds Info: \pdf@primitive is available.
Package pdftexcmds Info: \pdf@ifprimitive is available.
Package pdftexcmds Info: \pdfdraftmode found.
)) (c:/texlive/2024/texmf-dist/tex/latex/amsmath/amstext.sty
Package: amstext 2021/08/26 v2.01 AMS text
 (c:/texlive/2024/texmf-dist/tex/latex/amsmath/amsgen.sty
File: amsgen.sty 1999/11/30 v2.0 generic functions
\@emptytoks=\toks20
\ex@=\dimen149
))
\l__siunitx_table_tmp_box=\box57
\l__siunitx_table_tmp_dim=\dimen150
\l__siunitx_table_column_width_dim=\dimen151
\l__siunitx_table_integer_box=\box58
\l__siunitx_table_decimal_box=\box59
\l__siunitx_table_uncert_box=\box60
\l__siunitx_table_before_box=\box61
\l__siunitx_table_after_box=\box62
\l__siunitx_table_before_dim=\dimen152
\l__siunitx_table_carry_dim=\dimen153
\l__siunitx_unit_tmp_int=\count280
\l__siunitx_unit_position_int=\count281
\l__siunitx_unit_total_int=\count282

Package siunitx Info: Option "separate-uncertainty" has been deprecated in
(siunitx)             this release.
(siunitx)             
(siunitx)             Use "uncertainty-mode = separate" as a replacement.

 (c:/texlive/2024/texmf-dist/tex/latex/tools/array.sty
Package: array 2023/10/16 v2.5g Tabular extension package (FMi)
\col@sep=\dimen154
\ar@mcellbox=\box63
\extrarowheight=\dimen155
\NC@list=\toks21
\extratabsurround=\skip56
\backup@length=\skip57
\ar@cellbox=\box64
)) (c:/texlive/2024/texmf-dist/tex/latex/physics/physics.sty
Package: physics 
 (c:/texlive/2024/texmf-dist/tex/latex/l3packages/xparse/xparse.sty (c:/texlive/2024/texmf-dist/tex/latex/l3kernel/expl3.sty
Package: expl3 2024-03-14 L3 programming layer (loader) 
 (c:/texlive/2024/texmf-dist/tex/latex/l3backend/l3backend-pdftex.def
File: l3backend-pdftex.def 2024-03-14 L3 backend support: PDF output (pdfTeX)
\l__color_backend_stack_int=\count283
\l__pdf_internal_box=\box65
))
Package: xparse 2024-03-14 L3 Experimental document command parser
) (c:/texlive/2024/texmf-dist/tex/latex/amsmath/amsmath.sty
Package: amsmath 2023/05/13 v2.17o AMS math features
\@mathmargin=\skip58

For additional information on amsmath, use the `?' option.
(c:/texlive/2024/texmf-dist/tex/latex/amsmath/amsbsy.sty
Package: amsbsy 1999/11/29 v1.2d Bold Symbols
\pmbraise@=\dimen156
) (c:/texlive/2024/texmf-dist/tex/latex/amsmath/amsopn.sty
Package: amsopn 2022/04/08 v2.04 operator names
)
\inf@bad=\count284
LaTeX Info: Redefining \frac on input line 234.
\uproot@=\count285
\leftroot@=\count286
LaTeX Info: Redefining \overline on input line 399.
LaTeX Info: Redefining \colon on input line 410.
\classnum@=\count287
\DOTSCASE@=\count288
LaTeX Info: Redefining \ldots on input line 496.
LaTeX Info: Redefining \dots on input line 499.
LaTeX Info: Redefining \cdots on input line 620.
\Mathstrutbox@=\box66
\strutbox@=\box67
LaTeX Info: Redefining \big on input line 722.
LaTeX Info: Redefining \Big on input line 723.
LaTeX Info: Redefining \bigg on input line 724.
LaTeX Info: Redefining \Bigg on input line 725.
\big@size=\dimen157
LaTeX Font Info:    Redeclaring font encoding OML on input line 743.
LaTeX Font Info:    Redeclaring font encoding OMS on input line 744.
\macc@depth=\count289
LaTeX Info: Redefining \bmod on input line 905.
LaTeX Info: Redefining \pmod on input line 910.
LaTeX Info: Redefining \smash on input line 940.
LaTeX Info: Redefining \relbar on input line 970.
LaTeX Info: Redefining \Relbar on input line 971.
\c@MaxMatrixCols=\count290
\dotsspace@=\muskip16
\c@parentequation=\count291
\dspbrk@lvl=\count292
\tag@help=\toks22
\row@=\count293
\column@=\count294
\maxfields@=\count295
\andhelp@=\toks23
\eqnshift@=\dimen158
\alignsep@=\dimen159
\tagshift@=\dimen160
\tagwidth@=\dimen161
\totwidth@=\dimen162
\lineht@=\dimen163
\@envbody=\toks24
\multlinegap=\skip59
\multlinetaggap=\skip60
\mathdisplay@stack=\toks25
LaTeX Info: Redefining \[ on input line 2953.
LaTeX Info: Redefining \] on input line 2954.
)) (c:/texlive/2024/texmf-dist/tex/latex/csquotes/csquotes.sty
Package: csquotes 2024-04-04 v5.2o context-sensitive quotations (JAW)
\csq@reset=\count296
\csq@gtype=\count297
\csq@glevel=\count298
\csq@qlevel=\count299
\csq@maxlvl=\count300
\csq@tshold=\count301
\csq@ltx@everypar=\toks26
 (c:/texlive/2024/texmf-dist/tex/latex/csquotes/csquotes.def
File: csquotes.def 2024-04-04 v5.2o csquotes generic definitions (JAW)
)
Package csquotes Info: Trying to load configuration file 'csquotes.cfg'...
Package csquotes Info: ... configuration file loaded successfully.
 (c:/texlive/2024/texmf-dist/tex/latex/csquotes/csquotes.cfg
File: csquotes.cfg 
)
Package csquotes Info: Enabling multilingual quotes.
Package csquotes Info: Redefining alias 'english' -> 'english/american'.
)
Package csquotes Info: Allocating character ".
   defining Unicode char U+2009 (decimal 8201)
Package translations Info: No language package found. I am going to use `english' as default language. on input line 41.
 (c:/texlive/2024/texmf-dist/tex/latex/graphics/color.sty
Package: color 2022/01/06 v1.3d Standard LaTeX Color (DPC)
 (c:/texlive/2024/texmf-dist/tex/latex/graphics-cfg/color.cfg
File: color.cfg 2016/01/02 v1.6 sample color configuration
)
Package color Info: Driver file: pdftex.def on input line 149.
 (c:/texlive/2024/texmf-dist/tex/latex/graphics/mathcolor.ltx))
Package csquotes Info: Checking for multilingual support...
Package csquotes Info: ... none found.


Package csquotes Warning: No multilingual support.
(csquotes)                Cannot enable multilingual quotes on input line 41.

(./thesis.aux)
\openout1 = `thesis.aux'.

LaTeX Font Info:    Checking defaults for OML/cmm/m/it on input line 41.
LaTeX Font Info:    ... okay on input line 41.
LaTeX Font Info:    Checking defaults for OMS/cmsy/m/n on input line 41.
LaTeX Font Info:    ... okay on input line 41.
LaTeX Font Info:    Checking defaults for OT1/cmr/m/n on input line 41.
LaTeX Font Info:    ... okay on input line 41.
LaTeX Font Info:    Checking defaults for T1/cmr/m/n on input line 41.
LaTeX Font Info:    ... okay on input line 41.
LaTeX Font Info:    Checking defaults for TS1/cmr/m/n on input line 41.
LaTeX Font Info:    ... okay on input line 41.
LaTeX Font Info:    Checking defaults for OMX/cmex/m/n on input line 41.
LaTeX Font Info:    ... okay on input line 41.
LaTeX Font Info:    Checking defaults for U/cmr/m/n on input line 41.
LaTeX Font Info:    ... okay on input line 41.
 (c:/texlive/2024/texmf-dist/tex/context/base/mkii/supp-pdf.mkii
[Loading MPS to PDF converter (version 2006.09.02).]
\scratchcounter=\count302
\scratchdimen=\dimen164
\scratchbox=\box68
\nofMPsegments=\count303
\nofMParguments=\count304
\everyMPshowfont=\toks27
\MPscratchCnt=\count305
\MPscratchDim=\dimen165
\MPnumerator=\count306
\makeMPintoPDFobject=\count307
\everyMPtoPDFconversion=\toks28
) (c:/texlive/2024/texmf-dist/tex/latex/epstopdf-pkg/epstopdf-base.sty
Package: epstopdf-base 2020-01-24 v2.11 Base part for package epstopdf
Package epstopdf-base Info: Redefining graphics rule for `.eps' on input line 485.
 (c:/texlive/2024/texmf-dist/tex/latex/latexconfig/epstopdf-sys.cfg
File: epstopdf-sys.cfg 2010/07/13 v1.3 Configuration of (r)epstopdf for TeX Live
))

Package siunitx Warning: Detected the "physics" package:
(siunitx)                omitting definition of \qty.
(siunitx)                
(siunitx)                If you want to use \qty with the siunitx definition,
(siunitx)                add 
(siunitx)                
(siunitx)                    \AtBeginDocument{\RenewCommandCopy\qty\SI}
(siunitx)                
(siunitx)                to your preamble.

(c:/texlive/2024/texmf-dist/tex/latex/translations/translations-basic-dictionary-english.trsl
File: translations-basic-dictionary-english.trsl (english translation file `translations-basic-dictionary')
)
Package translations Info: loading dictionary `translations-basic-dictionary' for `english'. on input line 41.
Package csquotes Info: Making character " active on input line 41.
 [1

] [2{c:/texlive/2024/texmf-var/fonts/map/pdftex/updmap/pdftex.map}] [3

{c:/texlive/2024/texmf-dist/fonts/enc/dvips/cm-super/cm-super-ts1.enc}] [4

] [5

] [6

] (./thesis.toc
Overfull \hbox (2.61108pt too wide) has occurred while \output is active
$[]$ 
 []

[7


])
\tf@toc=\write3
\openout3 = `thesis.toc'.


Overfull \hbox (2.61108pt too wide) has occurred while \output is active
$[]$ 
 []

[8] (./thesis.lof
Overfull \hbox (2.61108pt too wide) has occurred while \output is active
$[]$ 
 []

[9

]
Overfull \hbox (2.61108pt too wide) has occurred while \output is active
$[]$ 
 []

[10]
Overfull \hbox (2.61108pt too wide) has occurred while \output is active
$[]$ 
 []

[11])
\tf@lof=\write4
\openout4 = `thesis.lof'.


Overfull \hbox (2.61108pt too wide) has occurred while \output is active
$[]$ 
 []

[12] (./thesis.lot)
\tf@lot=\write5
\openout5 = `thesis.lot'.

 (./thesis.loap)
\tf@loap=\write6
\openout6 = `thesis.loap'.

 (./thesis.loaf)
\tf@loaf=\write7
\openout7 = `thesis.loaf'.


Overfull \hbox (2.61108pt too wide) has occurred while \output is active
$[]$ 
 []

[13



] (./thesis.loat)
\tf@loat=\write8
\openout8 = `thesis.loat'.


Chapter 1.
[1



] [2]
<Figures/Graphene band structure 3D.pdf, id=61, 463.45782pt x 335.75089pt>
File: Figures/Graphene band structure 3D.pdf Graphic file (type pdf)
<use Figures/Graphene band structure 3D.pdf>
Package pdftex.def Info: Figures/Graphene band structure 3D.pdf  used on input line 78.
(pdftex.def)             Requested size: 469.75499pt x 340.32501pt.
 [3] [4 <./Figures/Graphene band structure 3D.pdf>]

LaTeX Warning: Citation `berg_vernier_2023' on page 5 undefined on input line 90.

[5] [6] [7] [8]
<Figures/IX transport fig.pdf, id=101, 420.94402pt x 185.44115pt>
File: Figures/IX transport fig.pdf Graphic file (type pdf)
<use Figures/IX transport fig.pdf>
Package pdftex.def Info: Figures/IX transport fig.pdf  used on input line 118.
(pdftex.def)             Requested size: 420.94298pt x 185.44067pt.
 [9] [10 <./Figures/IX transport fig.pdf>] [11] [12] [13] [14] [15] [16] [17]
Chapter 2.
File: Figures/Graphene band structure 3D.pdf Graphic file (type pdf)
<use Figures/Graphene band structure 3D.pdf>
Package pdftex.def Info: Figures/Graphene band structure 3D.pdf  used on input line 255.
(pdftex.def)             Requested size: 469.75499pt x 340.32501pt.
[18

] [19] [20]
<Figures/graphene theory 0.pdf, id=212, 420.22144pt x 138.51106pt>
File: Figures/graphene theory 0.pdf Graphic file (type pdf)
<use Figures/graphene theory 0.pdf>
Package pdftex.def Info: Figures/graphene theory 0.pdf  used on input line 274.
(pdftex.def)             Requested size: 420.2204pt x 138.51071pt.
 [21]
<Figures/density of states graphic.pdf, id=216, 449.3491pt x 227.31285pt>
File: Figures/density of states graphic.pdf Graphic file (type pdf)
<use Figures/density of states graphic.pdf>
Package pdftex.def Info: Figures/density of states graphic.pdf  used on input line 283.
(pdftex.def)             Requested size: 352.31624pt x 178.22592pt.
 [22 <./Figures/graphene theory 0.pdf>] [23 <./Figures/density of states graphic.pdf>]
<Figures/graphene theory 3.pdf, id=251, 208.24564pt x 200.36555pt>
File: Figures/graphene theory 3.pdf Graphic file (type pdf)
<use Figures/graphene theory 3.pdf>
Package pdftex.def Info: Figures/graphene theory 3.pdf  used on input line 317.
(pdftex.def)             Requested size: 208.24512pt x 200.36505pt.
 [24] [25 <./Figures/graphene theory 3.pdf>] [26] [27] [28]
<Figures/displacement field.pdf, id=300, 310.7278pt x 251.75847pt>
File: Figures/displacement field.pdf Graphic file (type pdf)
<use Figures/displacement field.pdf>
Package pdftex.def Info: Figures/displacement field.pdf  used on input line 368.
(pdftex.def)             Requested size: 234.87749pt x 190.30504pt.
 [29 <./Figures/displacement field.pdf>]
<Figures/SAW in bulk semi.pdf, id=313, 224.75839pt x 116.06776pt>
File: Figures/SAW in bulk semi.pdf Graphic file (type pdf)
<use Figures/SAW in bulk semi.pdf>
Package pdftex.def Info: Figures/SAW in bulk semi.pdf  used on input line 390.
(pdftex.def)             Requested size: 352.31624pt x 181.94518pt.
 [30] [31 <./Figures/SAW in bulk semi.pdf>] [32] [33] [34] [35]
<Figures/gamma_and_v.pdf, id=361, 372.60454pt x 212.1846pt>
File: Figures/gamma_and_v.pdf Graphic file (type pdf)
<use Figures/gamma_and_v.pdf>
Package pdftex.def Info: Figures/gamma_and_v.pdf  used on input line 512.
(pdftex.def)             Requested size: 375.80542pt x 214.0101pt.
 [36] [37 <./Figures/gamma_and_v.pdf>]
<Figures/SAW in thin film.pdf, id=401, 224.25186pt x 262.69357pt>
File: Figures/SAW in thin film.pdf Graphic file (type pdf)
<use Figures/SAW in thin film.pdf>
Package pdftex.def Info: Figures/SAW in thin film.pdf  used on input line 524.
(pdftex.def)             Requested size: 352.31624pt x 412.7104pt.
 [38] [39 <./Figures/SAW in thin film.pdf>] [40] [41]
<Figures/piezoelectric field and delta n edited.pdf, id=459, 461.10197pt x 473.5006pt>
File: Figures/piezoelectric field and delta n edited.pdf Graphic file (type pdf)
<use Figures/piezoelectric field and delta n edited.pdf>
Package pdftex.def Info: Figures/piezoelectric field and delta n edited.pdf  used on input line 593.
(pdftex.def)             Requested size: 461.10085pt x 473.49944pt.
 [42] [43 <./Figures/piezoelectric field and delta n edited.pdf>] [44] [45] [46]
<Figures/SAW diagram.pdf, id=528, 460.62022pt x 191.33487pt>
File: Figures/SAW diagram.pdf Graphic file (type pdf)
<use Figures/SAW diagram.pdf>
Package pdftex.def Info: Figures/SAW diagram.pdf  used on input line 675.
(pdftex.def)             Requested size: 460.6191pt x 191.33438pt.
 [47 <./Figures/SAW diagram.pdf>] [48] [49]
Chapter 3.
[50

] [51]
<Figures/exfoliation diagram.pdf, id=575, 442.26123pt x 234.62898pt>
File: Figures/exfoliation diagram.pdf Graphic file (type pdf)
<use Figures/exfoliation diagram.pdf>
Package pdftex.def Info: Figures/exfoliation diagram.pdf  used on input line 740.
(pdftex.def)             Requested size: 442.26013pt x 234.62839pt.
 [52 <./Figures/exfoliation diagram.pdf>]
<Figures/graphene layer comparison.pdf, id=592, 246.89812pt x 245.25523pt>
File: Figures/graphene layer comparison.pdf Graphic file (type pdf)
<use Figures/graphene layer comparison.pdf>
Package pdftex.def Info: Figures/graphene layer comparison.pdf  used on input line 750.
(pdftex.def)             Requested size: 256.0748pt x 254.39328pt.
 [53 <./Figures/graphene layer comparison.pdf>] [54]
<Figures/transfer stage image.pdf, id=626, 178.93811pt x 134.96358pt>
File: Figures/transfer stage image.pdf Graphic file (type pdf)
<use Figures/transfer stage image.pdf>
Package pdftex.def Info: Figures/transfer stage image.pdf  used on input line 786.
(pdftex.def)             Requested size: 234.87749pt x 177.1557pt.
 [55]
<Figures/stamp making diagram.pdf, id=630, 442.26123pt x 234.62898pt>
File: Figures/stamp making diagram.pdf Graphic file (type pdf)
<use Figures/stamp making diagram.pdf>
Package pdftex.def Info: Figures/stamp making diagram.pdf  used on input line 796.
(pdftex.def)             Requested size: 469.75499pt x 249.21747pt.
 [56 <./Figures/transfer stage image.pdf>] [57 <./Figures/stamp making diagram.pdf>] [58] [59] [60]
<Figures/hot pickup diagram.pdf, id=729, 485.02pt x 350.9049pt>
File: Figures/hot pickup diagram.pdf Graphic file (type pdf)
<use Figures/hot pickup diagram.pdf>
Package pdftex.def Info: Figures/hot pickup diagram.pdf  used on input line 843.
(pdftex.def)             Requested size: 469.75499pt x 339.87402pt.
 [61] [62 <./Figures/hot pickup diagram.pdf>] [63]
<Figures/PCL stamp making diagram.pdf, id=859, 442.26123pt x 234.62898pt>
File: Figures/PCL stamp making diagram.pdf Graphic file (type pdf)
<use Figures/PCL stamp making diagram.pdf>
Package pdftex.def Info: Figures/PCL stamp making diagram.pdf  used on input line 863.
(pdftex.def)             Requested size: 442.26013pt x 234.62839pt.
 [64 <./Figures/PCL stamp making diagram.pdf>]
<Figures/PCL cleaning process.pdf, id=940, 485.02pt x 350.9049pt>
File: Figures/PCL cleaning process.pdf Graphic file (type pdf)
<use Figures/PCL cleaning process.pdf>
Package pdftex.def Info: Figures/PCL cleaning process.pdf  used on input line 875.
(pdftex.def)             Requested size: 485.01881pt x 350.90404pt.

Overfull \hbox (15.26382pt too wide) in paragraph at lines 875--876
 [][] 
 []

<Figures/PCL before-after.pdf, id=941, 471.75674pt x 206.97437pt>
File: Figures/PCL before-after.pdf Graphic file (type pdf)
<use Figures/PCL before-after.pdf>
Package pdftex.def Info: Figures/PCL before-after.pdf  used on input line 881.
(pdftex.def)             Requested size: 471.75558pt x 206.97385pt.

Overfull \hbox (2.0006pt too wide) in paragraph at lines 881--882
 [][] 
 []

[65] [66 <./Figures/PCL cleaning process.pdf>] [67 <./Figures/PCL before-after.pdf>]
<Figures/hBN lifted off.pdf, id=1075, 238.25822pt x 366.96913pt>
File: Figures/hBN lifted off.pdf Graphic file (type pdf)
<use Figures/hBN lifted off.pdf>
Package pdftex.def Info: Figures/hBN lifted off.pdf  used on input line 897.
(pdftex.def)             Requested size: 234.87749pt x 361.7719pt.
 [68] [69 <./Figures/hBN lifted off.pdf>]
<Figures/liftoff AFM traces comparison.pdf, id=1101, 476.30379pt x 228.1955pt>
File: Figures/liftoff AFM traces comparison.pdf Graphic file (type pdf)
<use Figures/liftoff AFM traces comparison.pdf>
Package pdftex.def Info: Figures/liftoff AFM traces comparison.pdf  used on input line 907.
(pdftex.def)             Requested size: 469.75499pt x 225.06462pt.
 [70 <./Figures/liftoff AFM traces comparison.pdf>]
<Figures/LOR cross section.png, id=1136, 294.774pt x 326.31pt>
File: Figures/LOR cross section.png Graphic file (type png)
<use Figures/LOR cross section.png>
Package pdftex.def Info: Figures/LOR cross section.png  used on input line 918.
(pdftex.def)             Requested size: 234.87749pt x 260.00772pt.
 [71 <./Figures/LOR cross section.png>]
<Figures/AFM cleaning 1.pdf, id=1142, 219.24696pt x 171.36018pt>
File: Figures/AFM cleaning 1.pdf Graphic file (type pdf)
<use Figures/AFM cleaning 1.pdf>
Package pdftex.def Info: Figures/AFM cleaning 1.pdf  used on input line 929.
(pdftex.def)             Requested size: 234.87749pt x 183.58629pt.


LaTeX Warning: Reference `IDT' on page 72 undefined on input line 937.

[72 <./Figures/AFM cleaning 1.pdf>]
<Figures/SAW device optical image 1.pdf, id=1159, 261.58109pt x 192.76843pt>
File: Figures/SAW device optical image 1.pdf Graphic file (type pdf)
<use Figures/SAW device optical image 1.pdf>
Package pdftex.def Info: Figures/SAW device optical image 1.pdf  used on input line 942.
(pdftex.def)             Requested size: 469.75499pt x 346.20047pt.
<Figures/S-parameters.pdf, id=1160, 475.96889pt x 315.09354pt>
File: Figures/S-parameters.pdf Graphic file (type pdf)
<use Figures/S-parameters.pdf>
Package pdftex.def Info: Figures/S-parameters.pdf  used on input line 953.
(pdftex.def)             Requested size: 469.75499pt x 310.99638pt.
 [73] [74 <./Figures/SAW device optical image 1.pdf>] [75 <./Figures/S-parameters.pdf>]
<Figures/Z11_plot_.pdf, id=1234, 234.3255pt x 164.19856pt>
File: Figures/Z11_plot_.pdf Graphic file (type pdf)
<use Figures/Z11_plot_.pdf>
Package pdftex.def Info: Figures/Z11_plot_.pdf  used on input line 964.
(pdftex.def)             Requested size: 352.31624pt x 246.891pt.
 [76] [77 <./Figures/Z11_plot_.pdf>]
Chapter 4.
[78

]
Chapter 5.

LaTeX Warning: Reference `SAW devices' on page 79 undefined on input line 1001.

[79

]
<Figures/Flip-chip design from Ref 1.png, id=1259, 469.536pt x 184.836pt>
File: Figures/Flip-chip design from Ref 1.png Graphic file (type png)
<use Figures/Flip-chip design from Ref 1.png>
Package pdftex.def Info: Figures/Flip-chip design from Ref 1.png  used on input line 1005.
(pdftex.def)             Requested size: 469.75499pt x 184.92296pt.
<Figures/Interference spectroscopy.pdf, id=1260, 366.89351pt x 320.17766pt>
File: Figures/Interference spectroscopy.pdf Graphic file (type pdf)
<use Figures/Interference spectroscopy.pdf>
Package pdftex.def Info: Figures/Interference spectroscopy.pdf  used on input line 1016.
(pdftex.def)             Requested size: 234.87749pt x 204.97162pt.
 [80] [81 <./Figures/Flip-chip design from Ref 1.png> <./Figures/Interference spectroscopy.pdf>]
<Figures/qzPMMAsi stack spec.PNG, id=1289, 953.81343pt x 306.39468pt>
File: Figures/qzPMMAsi stack spec.PNG Graphic file (type png)
<use Figures/qzPMMAsi stack spec.PNG>
Package pdftex.def Info: Figures/qzPMMAsi stack spec.PNG  used on input line 1027.
(pdftex.def)             Requested size: 469.75499pt x 150.90144pt.


LaTeX Warning: Citation `lane_integrating_nodate' on page 82 undefined on input line 1037.

[82 <./Figures/qzPMMAsi stack spec.PNG>]

LaTeX Warning: Reference `FCnospacerIF' on page 83 undefined on input line 1039.

[83]
<Figures/newtonsrings.png, id=1297, 869.49844pt x 264.99pt>
File: Figures/newtonsrings.png Graphic file (type png)
<use Figures/newtonsrings.png>
Package pdftex.def Info: Figures/newtonsrings.png  used on input line 1045.
(pdftex.def)             Requested size: 469.75499pt x 143.16524pt.
 [84 <./Figures/newtonsrings.png>]
<Figures/interference sandwich image and spectrum.pdf, id=1302, 547.25186pt x 406.1383pt>
File: Figures/interference sandwich image and spectrum.pdf Graphic file (type pdf)
<use Figures/interference sandwich image and spectrum.pdf>
Package pdftex.def Info: Figures/interference sandwich image and spectrum.pdf  used on input line 1057.
(pdftex.def)             Requested size: 469.75499pt x 348.62143pt.
 [85] [86 <./Figures/interference sandwich image and spectrum.pdf>]
<Figures/FCCap during alignment.pdf, id=1343, 581.74026pt x 442.46999pt>
File: Figures/FCCap during alignment.pdf Graphic file (type pdf)
<use Figures/FCCap during alignment.pdf>
Package pdftex.def Info: Figures/FCCap during alignment.pdf  used on input line 1072.
(pdftex.def)             Requested size: 234.87749pt x 178.64572pt.
<Figures/Two-tier etch.pdf, id=1344, 485.87721pt x 366.877pt>
File: Figures/Two-tier etch.pdf Graphic file (type pdf)
<use Figures/Two-tier etch.pdf>
Package pdftex.def Info: Figures/Two-tier etch.pdf  used on input line 1079.
(pdftex.def)             Requested size: 469.75499pt x 354.70026pt.
 [87]
<Figures/Flip-chip capacitor reflectance summary.pdf, id=1348, 459.92084pt x 250.15002pt>
File: Figures/Flip-chip capacitor reflectance summary.pdf Graphic file (type pdf)
<use Figures/Flip-chip capacitor reflectance summary.pdf>
Package pdftex.def Info: Figures/Flip-chip capacitor reflectance summary.pdf  used on input line 1087.
(pdftex.def)             Requested size: 469.75499pt x 255.50462pt.
 [88 <./Figures/FCCap during alignment.pdf>] [89 <./Figures/Two-tier etch.pdf>] [90 <./Figures/Flip-chip capacitor reflectance summary.pdf>] [91]
<Figures/FC capacitance measurement.pdf, id=1451, 347.11374pt x 489.14436pt>
File: Figures/FC capacitance measurement.pdf Graphic file (type pdf)
<use Figures/FC capacitance measurement.pdf>
Package pdftex.def Info: Figures/FC capacitance measurement.pdf  used on input line 1114.
(pdftex.def)             Requested size: 234.87749pt x 330.98666pt.
<Figures/flipping chips.pdf, id=1452, 452.82863pt x 779.53918pt>
File: Figures/flipping chips.pdf Graphic file (type pdf)
<use Figures/flipping chips.pdf>
Package pdftex.def Info: Figures/flipping chips.pdf  used on input line 1120.
(pdftex.def)             Requested size: 234.87749pt x 404.35165pt.
<Figures/quartz bending.pdf, id=1453, 336.29292pt x 121.39844pt>
File: Figures/quartz bending.pdf Graphic file (type pdf)
<use Figures/quartz bending.pdf>
Package pdftex.def Info: Figures/quartz bending.pdf  used on input line 1132.
(pdftex.def)             Requested size: 469.75499pt x 169.5806pt.
 [92] [93 <./Figures/FC capacitance measurement.pdf>] [94 <./Figures/flipping chips.pdf>] [95 <./Figures/quartz bending.pdf>] [96]
Chapter 6.
[97

] (./thesis.bbl
Underfull \hbox (badness 1009) in paragraph at lines 9--12
\OT1/cmr/m/n/12 Sur-face acous-tic waves on GaAs/AlGaAs het-erostruc-tures.  \OT1/cmr/m/it/12 Phys-i-cal Re-view B\OT1/cmr/m/n/12 ,
 []

[98

] [99]
Underfull \hbox (badness 1472) in paragraph at lines 147--150
[]\OT1/cmr/m/n/12 Dmitrii Un-uchek, Al-berto Cia-r-roc-chi, Ah-met Avsar, Kenji Watan-abe, Takashi
 []

[100] [101] [102] [103] [104]) [105] [106

]
Appendix A.
[107


]
Appendix B.
[108

]
Appendix C.
[109

] [110]
<Figures/force curve.pdf, id=1605, 408.83327pt x 229.91023pt>
File: Figures/force curve.pdf Graphic file (type pdf)
<use Figures/force curve.pdf>
Package pdftex.def Info: Figures/force curve.pdf  used on input line 1197.
(pdftex.def)             Requested size: 408.83226pt x 229.90965pt.
 [111 <./Figures/force curve.pdf>] [112] [113] [114]
Appendix D.
<Figures/photoresist flip-chips.png, id=1636, 662.475pt x 481.8pt>
File: Figures/photoresist flip-chips.png Graphic file (type png)
<use Figures/photoresist flip-chips.png>
Package pdftex.def Info: Figures/photoresist flip-chips.png  used on input line 1269.
(pdftex.def)             Requested size: 469.75499pt x 341.63928pt.
[115

] [116 <./Figures/photoresist flip-chips.png>]
Appendix E.
[117

]
Appendix F.
<Figures/PL before-after contact.pdf, id=1646, 597.81154pt x 339.1253pt>
File: Figures/PL before-after contact.pdf Graphic file (type pdf)
<use Figures/PL before-after contact.pdf>
Package pdftex.def Info: Figures/PL before-after contact.pdf  used on input line 1280.
(pdftex.def)             Requested size: 469.75499pt x 266.49336pt.
<Figures/First Vg PL sweeps.pdf, id=1647, 980.7309pt x 574.57018pt>
File: Figures/First Vg PL sweeps.pdf Graphic file (type pdf)
<use Figures/First Vg PL sweeps.pdf>
Package pdftex.def Info: Figures/First Vg PL sweeps.pdf  used on input line 1285.
(pdftex.def)             Requested size: 469.75499pt x 275.21191pt.
<Figures/Second Vg sweep.pdf, id=1648, 964.92183pt x 573.39984pt>
File: Figures/Second Vg sweep.pdf Graphic file (type pdf)
<use Figures/Second Vg sweep.pdf>
Package pdftex.def Info: Figures/Second Vg sweep.pdf  used on input line 1290.
(pdftex.def)             Requested size: 469.75499pt x 279.14851pt.
<Figures/exciton dynamics summary.pdf, id=1649, 956.29697pt x 552.38046pt>
File: Figures/exciton dynamics summary.pdf Graphic file (type pdf)
<use Figures/exciton dynamics summary.pdf>
Package pdftex.def Info: Figures/exciton dynamics summary.pdf  used on input line 1295.
(pdftex.def)             Requested size: 469.75499pt x 271.34308pt.
[118

] [119 <./Figures/PL before-after contact.pdf>] [120 <./Figures/First Vg PL sweeps.pdf>] [121 <./Figures/Second Vg sweep.pdf>] [122 <./Figures/exciton dynamics summary.pdf>] [123

] (./thesis.aux)
 ***********
LaTeX2e <2023-11-01> patch level 1
L3 programming layer <2024-03-14>
 ***********


LaTeX Warning: There were undefined references.

 ) 
Here is how much of TeX's memory you used:
 9149 strings out of 474103
 209382 string characters out of 5747481
 1938496 words of memory out of 5000000
 31404 multiletter control sequences out of 15000+600000
 568375 words of font info for 71 fonts, out of 8000000 for 9000
 1141 hyphenation exceptions out of 8191
 79i,20n,93p,2544b,751s stack positions out of 10000i,1000n,20000p,200000b,200000s
<c:/texlive/2024/texmf-dist/fonts/type1/public/amsfonts/cm/cmbsy10.pfb><c:/texlive/2024/texmf-dist/fonts/type1/public/amsfonts/cm/cmbx12.pfb><c:/texlive/2024/texmf-dist/fonts/type1/public/amsfonts/cm/cmex10.pfb><c:/texlive/2024/texmf-dist/fonts/type1/public/amsfonts/cm/cmmi10.pfb><c:/texlive/2024/texmf-dist/fonts/type1/public/amsfonts/cm/cmmi12.pfb><c:/texlive/2024/texmf-dist/fonts/type1/public/amsfonts/cm/cmmi6.pfb><c:/texlive/2024/texmf-dist/fonts/type1/public/amsfonts/cm/cmmi8.pfb><c:/texlive/2024/texmf-dist/fonts/type1/public/amsfonts/cm/cmr10.pfb><c:/texlive/2024/texmf-dist/fonts/type1/public/amsfonts/cm/cmr12.pfb><c:/texlive/2024/texmf-dist/fonts/type1/public/amsfonts/cm/cmr7.pfb><c:/texlive/2024/texmf-dist/fonts/type1/public/amsfonts/cm/cmr8.pfb><c:/texlive/2024/texmf-dist/fonts/type1/public/amsfonts/cm/cmsy10.pfb><c:/texlive/2024/texmf-dist/fonts/type1/public/amsfonts/cm/cmsy6.pfb><c:/texlive/2024/texmf-dist/fonts/type1/public/amsfonts/cm/cmsy8.pfb><c:/texlive/2024/texmf-dist/fonts/type1/public/amsfonts/cm/cmti10.pfb><c:/texlive/2024/texmf-dist/fonts/type1/public/amsfonts/cm/cmti12.pfb><c:/texlive/2024/texmf-dist/fonts/type1/public/cm-super/sfrm0800.pfb><c:/texlive/2024/texmf-dist/fonts/type1/public/cm-super/sfrm1000.pfb><c:/texlive/2024/texmf-dist/fonts/type1/public/cm-super/sfrm1200.pfb>
Output written on thesis.pdf (136 pages, 116504359 bytes).
PDF statistics:
 2009 PDF objects out of 2073 (max. 8388607)
 1383 compressed objects within 14 object streams
 0 named destinations out of 1000 (max. 500000)
 216 words of extra memory for PDF output out of 10000 (max. 10000000)

